2019-05-31 22:26:18,611 [Thread-2:6740] [blog.views:11] [views:index] [ERROR]- [Errno 2] No such file or directory: 'sss.txt'
2019-06-01 10:03:31,487 [Thread-7:25476] [blog.views:11] [views:index] [ERROR]- [Errno 2] No such file or directory: 'sss.txt'
2019-06-01 10:03:51,681 [Thread-9:20328] [blog.views:11] [views:index] [ERROR]- [Errno 2] No such file or directory: 'sss.txt'
2019-06-01 10:07:57,466 [Thread-13:12228] [blog.views:11] [views:index] [ERROR]- [Errno 2] No such file or directory: 'sss.txt'
2019-06-01 10:08:10,083 [Thread-16:25208] [blog.views:11] [views:index] [ERROR]- [Errno 2] No such file or directory: 'sss.txt'
2019-06-01 10:10:03,641 [Thread-18:22252] [blog.views:11] [views:index] [ERROR]- [Errno 2] No such file or directory: 'sss.txt'
2019-06-01 10:10:10,026 [Thread-21:23592] [blog.views:11] [views:index] [ERROR]- [Errno 2] No such file or directory: 'sss.txt'
2019-06-01 10:14:41,785 [Thread-24:15572] [blog.views:11] [views:index] [ERROR]- [Errno 2] No such file or directory: 'sss.txt'
2019-06-01 10:14:46,457 [Thread-27:12396] [blog.views:11] [views:index] [ERROR]- [Errno 2] No such file or directory: 'sss.txt'
2019-06-01 10:14:56,327 [Thread-32:1716] [blog.views:11] [views:index] [ERROR]- [Errno 2] No such file or directory: 'sss.txt'
2019-06-01 10:14:58,025 [Thread-35:16404] [blog.views:11] [views:index] [ERROR]- [Errno 2] No such file or directory: 'sss.txt'
2019-06-01 10:16:41,056 [Thread-39:10588] [blog.views:11] [views:index] [ERROR]- [Errno 2] No such file or directory: 'sss.txt'
2019-06-01 10:20:30,425 [Thread-42:7972] [blog.views:11] [views:index] [ERROR]- [Errno 2] No such file or directory: 'sss.txt'
2019-06-01 10:20:31,888 [Thread-45:23728] [blog.views:11] [views:index] [ERROR]- [Errno 2] No such file or directory: 'sss.txt'
2019-06-01 10:29:29,280 [Thread-48:22416] [blog.views:11] [views:index] [ERROR]- [Errno 2] No such file or directory: 'sss.txt'
2019-06-01 10:29:30,247 [Thread-51:25476] [blog.views:11] [views:index] [ERROR]- [Errno 2] No such file or directory: 'sss.txt'
2019-06-01 10:29:31,199 [Thread-53:13336] [blog.views:11] [views:index] [ERROR]- [Errno 2] No such file or directory: 'sss.txt'
2019-06-01 10:29:31,899 [Thread-55:22588] [blog.views:11] [views:index] [ERROR]- [Errno 2] No such file or directory: 'sss.txt'
2019-06-01 10:29:32,488 [Thread-57:13032] [blog.views:11] [views:index] [ERROR]- [Errno 2] No such file or directory: 'sss.txt'
2019-06-01 10:29:32,912 [Thread-59:10232] [blog.views:11] [views:index] [ERROR]- [Errno 2] No such file or directory: 'sss.txt'
2019-06-01 10:29:33,425 [Thread-61:20584] [blog.views:11] [views:index] [ERROR]- [Errno 2] No such file or directory: 'sss.txt'
2019-06-01 10:29:54,502 [Thread-63:20176] [blog.views:11] [views:index] [ERROR]- [Errno 2] No such file or directory: 'sss.txt'
2019-06-01 10:29:56,023 [Thread-65:12084] [blog.views:11] [views:index] [ERROR]- [Errno 2] No such file or directory: 'sss.txt'
2019-06-01 10:35:46,474 [Thread-67:15560] [blog.views:11] [views:index] [ERROR]- [Errno 2] No such file or directory: 'sss.txt'
2019-06-01 11:31:30,396 [Thread-69:5112] [blog.views:11] [views:index] [ERROR]- [Errno 2] No such file or directory: 'sss.txt'
2019-06-01 11:31:37,366 [Thread-72:5084] [blog.views:11] [views:index] [ERROR]- [Errno 2] No such file or directory: 'sss.txt'
2019-06-01 11:31:39,977 [Thread-74:9336] [blog.views:11] [views:index] [ERROR]- [Errno 2] No such file or directory: 'sss.txt'
2019-06-01 11:38:46,730 [Thread-76:16752] [blog.views:11] [views:index] [ERROR]- [Errno 2] No such file or directory: 'sss.txt'
2019-06-01 12:14:53,846 [Thread-2:17800] [blog.views:18] [views:index] [ERROR]- [Errno 2] No such file or directory: 'sss.txt'
2019-06-01 14:43:47,808 [Thread-4:17240] [blog.views:18] [views:index] [ERROR]- [Errno 2] No such file or directory: 'sss.txt'
2019-06-01 14:44:54,182 [Thread-7:10204] [blog.views:18] [views:index] [ERROR]- [Errno 2] No such file or directory: 'sss.txt'
2019-06-01 14:44:54,934 [Thread-9:3316] [blog.views:18] [views:index] [ERROR]- [Errno 2] No such file or directory: 'sss.txt'
2019-06-01 14:47:03,607 [Thread-2:25488] [blog.views:18] [views:index] [ERROR]- [Errno 2] No such file or directory: 'sss.txt'
2019-06-11 16:24:22,426 [Thread-2:19284] [blog.views:18] [views:index] [ERROR]- [Errno 2] No such file or directory: 'sss.txt'
2019-06-11 21:48:04,979 [Thread-2:17360] [blog.views:18] [views:index] [ERROR]- [Errno 2] No such file or directory: 'sss.txt'
2019-06-11 22:45:05,028 [Thread-2:2040] [blog.views:18] [views:index] [ERROR]- [Errno 2] No such file or directory: 'sss.txt'
2019-06-11 22:45:43,678 [Thread-6:5312] [blog.views:18] [views:index] [ERROR]- [Errno 2] No such file or directory: 'sss.txt'
2019-06-11 22:47:00,806 [Thread-5:22172] [blog.views:18] [views:index] [ERROR]- [Errno 2] No such file or directory: 'sss.txt'
2019-06-12 21:51:07,458 [Thread-2:13144] [blog.views:18] [views:index] [ERROR]- [Errno 2] No such file or directory: 'sss.txt'
2019-06-12 21:53:00,925 [Thread-69:12316] [blog.views:18] [views:index] [ERROR]- [Errno 2] No such file or directory: 'sss.txt'
2019-06-13 08:06:52,562 [Thread-13:11124] [blog.views:18] [views:index] [ERROR]- [Errno 2] No such file or directory: 'sss.txt'
2019-06-20 10:34:22,677 [Thread-2:7408] [blog.views:18] [views:index] [ERROR]- [Errno 2] No such file or directory: 'sss.txt'
2019-06-21 08:52:14,635 [Thread-2:19448] [blog.views:18] [views:index] [ERROR]- [Errno 2] No such file or directory: 'sss.txt'
2019-06-21 09:16:44,657 [Thread-2:11968] [blog.views:18] [views:index] [ERROR]- [Errno 2] No such file or directory: 'sss.txt'
2019-06-21 09:18:09,021 [Thread-2:3336] [blog.views:18] [views:index] [ERROR]- [Errno 2] No such file or directory: 'sss.txt'
2019-06-21 09:24:29,739 [Thread-2:16620] [blog.views:18] [views:index] [ERROR]- [Errno 2] No such file or directory: 'sss.txt'
2019-06-22 15:27:32,047 [Thread-2:14968] [blog.views:35] [views:index] [ERROR]- 'date_pulish'
2019-06-22 15:28:52,773 [Thread-5:5644] [blog.views:35] [views:index] [ERROR]- 'date_pulish'
2019-06-22 15:33:31,510 [Thread-2:2660] [blog.views:35] [views:index] [ERROR]- 'locale' codec can't encode character '\u6587' in position 5: Illegal byte sequence
2019-06-22 15:34:05,148 [Thread-5:15048] [blog.views:35] [views:index] [ERROR]- 'locale' codec can't encode character '\u6587' in position 5: Illegal byte sequence
2019-06-22 15:46:02,487 [Thread-2:13396] [blog.views:36] [views:index] [ERROR]- 'locale' codec can't encode character '\u6587' in position 5: Illegal byte sequence
2019-06-22 15:46:52,132 [Thread-2:8920] [blog.views:37] [views:index] [ERROR]- 'locale' codec can't encode character '\u6587' in position 5: Illegal byte sequence
2019-06-22 16:20:23,234 [Thread-2:15288] [blog.views:38] [views:index] [ERROR]- 'locale' codec can't encode character '\u6587' in position 5: Illegal byte sequence
2019-06-22 16:22:05,987 [Thread-2:14364] [blog.views:38] [views:index] [ERROR]- 'locale' codec can't encode character '\u6587' in position 5: Illegal byte sequence
2019-06-22 16:31:00,234 [Thread-7:17292] [blog.views:38] [views:index] [ERROR]- 'locale' codec can't encode character '\u6587' in position 5: Illegal byte sequence
2019-06-22 16:31:01,509 [Thread-10:17164] [blog.views:38] [views:index] [ERROR]- 'locale' codec can't encode character '\u6587' in position 5: Illegal byte sequence
2019-06-22 16:31:02,791 [Thread-13:10892] [blog.views:38] [views:index] [ERROR]- 'locale' codec can't encode character '\u6587' in position 5: Illegal byte sequence
2019-06-22 16:42:37,659 [Thread-2:8340] [blog.views:38] [views:index] [ERROR]- type object 'Article' has no attribute 'objects'
2019-06-22 16:42:43,800 [Thread-5:16200] [blog.views:38] [views:index] [ERROR]- type object 'Article' has no attribute 'objects'
2019-06-22 16:44:49,937 [Thread-8:14380] [blog.views:38] [views:index] [ERROR]- type object 'Article' has no attribute 'objects'
2019-06-22 16:45:27,928 [Thread-2:9896] [blog.views:38] [views:index] [ERROR]- 'locale' codec can't encode character '\u6587' in position 5: Illegal byte sequence
2019-06-22 16:46:02,791 [Thread-9:14264] [blog.views:38] [views:index] [ERROR]- 'locale' codec can't encode character '\u6587' in position 5: Illegal byte sequence
2019-06-22 16:46:11,122 [Thread-12:13156] [blog.views:38] [views:index] [ERROR]- 'locale' codec can't encode character '\u6587' in position 5: Illegal byte sequence
2019-06-22 16:46:17,104 [Thread-15:16900] [blog.views:38] [views:index] [ERROR]- 'locale' codec can't encode character '\u6587' in position 5: Illegal byte sequence
2019-06-22 16:46:20,033 [Thread-17:17396] [blog.views:38] [views:index] [ERROR]- 'locale' codec can't encode character '\u6587' in position 5: Illegal byte sequence
2019-06-22 16:46:22,312 [Thread-20:6820] [blog.views:38] [views:index] [ERROR]- 'locale' codec can't encode character '\u6587' in position 5: Illegal byte sequence
2019-06-22 16:46:24,910 [Thread-23:17016] [blog.views:38] [views:index] [ERROR]- 'locale' codec can't encode character '\u6587' in position 5: Illegal byte sequence
2019-06-22 16:46:34,543 [Thread-25:6976] [blog.views:38] [views:index] [ERROR]- 'locale' codec can't encode character '\u6587' in position 5: Illegal byte sequence
2019-06-22 16:46:35,955 [Thread-28:11768] [blog.views:38] [views:index] [ERROR]- 'locale' codec can't encode character '\u6587' in position 5: Illegal byte sequence
2019-06-22 16:48:22,572 [Thread-32:9804] [blog.views:38] [views:index] [ERROR]- 'locale' codec can't encode character '\u6587' in position 5: Illegal byte sequence
2019-06-22 16:51:21,888 [Thread-2:16768] [blog.views:38] [views:index] [ERROR]- 'locale' codec can't encode character '\u6587' in position 5: Illegal byte sequence
2019-06-22 16:51:25,503 [Thread-4:9152] [blog.views:38] [views:index] [ERROR]- 'locale' codec can't encode character '\u6587' in position 5: Illegal byte sequence
2019-06-22 16:51:51,638 [Thread-2:6972] [blog.views:39] [views:index] [ERROR]- 'locale' codec can't encode character '\u6587' in position 5: Illegal byte sequence
2019-06-22 16:52:22,795 [Thread-5:6596] [blog.views:39] [views:index] [ERROR]- 'locale' codec can't encode character '\u6587' in position 5: Illegal byte sequence
2019-06-22 16:53:10,919 [Thread-2:10664] [blog.views:39] [views:index] [ERROR]- 'locale' codec can't encode character '\u6587' in position 5: Illegal byte sequence
2019-06-22 16:53:52,087 [Thread-2:5408] [blog.views:39] [views:index] [ERROR]- 'locale' codec can't encode character '\u6587' in position 5: Illegal byte sequence
2019-06-22 16:53:56,076 [Thread-17:8432] [blog.views:39] [views:index] [ERROR]- 'locale' codec can't encode character '\u6587' in position 5: Illegal byte sequence
2019-06-22 17:13:26,877 [Thread-2:15208] [blog.views:39] [views:index] [ERROR]- 'locale' codec can't encode character '\u6587' in position 5: Illegal byte sequence
2019-06-22 17:20:21,917 [Thread-5:16188] [blog.views:39] [views:index] [ERROR]- 'locale' codec can't encode character '\u6587' in position 5: Illegal byte sequence
2019-06-22 17:23:14,083 [Thread-2:16208] [blog.views:39] [views:index] [ERROR]- 'locale' codec can't encode character '\u6587' in position 5: Illegal byte sequence
2019-07-03 20:18:54,456 [Thread-2:18116] [blog.views:39] [views:index] [ERROR]- 'locale' codec can't encode character '\u6587' in position 5: Illegal byte sequence
2019-07-03 20:19:01,965 [Thread-25:2436] [blog.views:39] [views:index] [ERROR]- 'locale' codec can't encode character '\u6587' in position 5: Illegal byte sequence
2019-07-03 20:19:42,069 [Thread-28:13640] [blog.views:39] [views:index] [ERROR]- 'locale' codec can't encode character '\u6587' in position 5: Illegal byte sequence
2019-07-03 20:26:29,645 [Thread-31:4676] [blog.views:39] [views:index] [ERROR]- 'locale' codec can't encode character '\u6587' in position 5: Illegal byte sequence
2019-07-03 20:26:33,151 [Thread-34:7380] [blog.views:39] [views:index] [ERROR]- 'locale' codec can't encode character '\u6587' in position 5: Illegal byte sequence
2019-07-03 21:50:03,255 [Thread-2:8716] [blog.views:39] [views:index] [ERROR]- 'locale' codec can't encode character '\u6587' in position 5: Illegal byte sequence
2019-07-03 21:50:50,117 [Thread-2:20468] [blog.views:39] [views:index] [ERROR]- 'locale' codec can't encode character '\u6587' in position 5: Illegal byte sequence
2019-07-03 21:51:49,678 [Thread-4:11176] [blog.views:39] [views:index] [ERROR]- 'locale' codec can't encode character '\u6587' in position 5: Illegal byte sequence
2019-07-03 21:56:30,421 [Thread-2:17228] [blog.views:39] [views:index] [ERROR]- 'locale' codec can't encode character '\u6587' in position 5: Illegal byte sequence
2019-07-03 22:01:22,048 [Thread-4:19948] [blog.views:39] [views:index] [ERROR]- 'locale' codec can't encode character '\u6587' in position 5: Illegal byte sequence
2019-07-03 22:01:27,130 [Thread-6:18900] [blog.views:39] [views:index] [ERROR]- 'locale' codec can't encode character '\u6587' in position 5: Illegal byte sequence
2019-07-04 10:33:18,565 [Thread-2:15140] [blog.views:39] [views:index] [ERROR]- 'locale' codec can't encode character '\u6587' in position 5: Illegal byte sequence
2019-07-04 10:33:21,983 [Thread-21:12640] [blog.views:39] [views:index] [ERROR]- 'locale' codec can't encode character '\u6587' in position 5: Illegal byte sequence
2019-07-04 10:41:41,011 [Thread-3:12448] [blog.views:41] [views:index] [ERROR]- 'locale' codec can't encode character '\u6587' in position 5: Illegal byte sequence
2019-07-04 10:41:43,058 [Thread-6:18408] [blog.views:41] [views:index] [ERROR]- 'locale' codec can't encode character '\u6587' in position 5: Illegal byte sequence
2019-07-04 10:41:44,597 [Thread-8:6712] [blog.views:41] [views:index] [ERROR]- 'locale' codec can't encode character '\u6587' in position 5: Illegal byte sequence
2019-07-04 10:43:05,259 [Thread-2:9608] [blog.views:42] [views:index] [ERROR]- 'locale' codec can't encode character '\u6587' in position 5: Illegal byte sequence
2019-07-05 08:44:06,664 [Thread-24:11716] [blog.views:55] [views:archive] [ERROR]- Cannot resolve keyword 'date_publish_icontains' into field. Choices are: category, category_id, click_count, comment, content, date_publish, desc, id, is_recommend, tag, title, user, user_id
2019-07-05 08:45:15,832 [Thread-26:23216] [blog.views:55] [views:archive] [ERROR]- Cannot resolve keyword 'date_publish_icontains' into field. Choices are: category, category_id, click_count, comment, content, date_publish, desc, id, is_recommend, tag, title, user, user_id
2019-07-05 08:45:22,546 [Thread-28:22684] [blog.views:55] [views:archive] [ERROR]- Cannot resolve keyword 'date_publish_icontains' into field. Choices are: category, category_id, click_count, comment, content, date_publish, desc, id, is_recommend, tag, title, user, user_id
2019-07-05 08:51:16,948 [Thread-5:23488] [blog.views:53] [views:archive] [ERROR]- Cannot resolve keyword 'date_publish_icontains' into field. Choices are: category, category_id, click_count, comment, content, date_publish, desc, id, is_recommend, tag, title, user, user_id
2019-07-05 08:51:32,359 [Thread-8:23272] [blog.views:53] [views:archive] [ERROR]- Cannot resolve keyword 'date_publish_icontains' into field. Choices are: category, category_id, click_count, comment, content, date_publish, desc, id, is_recommend, tag, title, user, user_id
2019-07-05 08:55:13,553 [Thread-10:12896] [blog.views:53] [views:archive] [ERROR]- Cannot resolve keyword 'date_publish_icontains' into field. Choices are: category, category_id, click_count, comment, content, date_publish, desc, id, is_recommend, tag, title, user, user_id
2019-07-05 08:55:20,755 [Thread-13:20244] [blog.views:53] [views:archive] [ERROR]- Cannot resolve keyword 'date_publish_icontains' into field. Choices are: category, category_id, click_count, comment, content, date_publish, desc, id, is_recommend, tag, title, user, user_id
2019-07-05 15:26:13,715 [Thread-3:10136] [blog.views:35] [views:index] [ERROR]- getPage() missing 1 required positional argument: 'article_list'
2019-07-05 15:26:18,173 [Thread-6:3532] [blog.views:48] [views:archive] [ERROR]- getPage() missing 1 required positional argument: 'article_list'
2019-07-05 15:26:21,011 [Thread-9:19000] [blog.views:48] [views:archive] [ERROR]- getPage() missing 1 required positional argument: 'article_list'
2019-07-05 15:26:28,866 [Thread-12:20384] [blog.views:35] [views:index] [ERROR]- getPage() missing 1 required positional argument: 'article_list'
2019-07-06 08:59:21,707 [Thread-120:24308] [blog.views:48] [views:archive] [ERROR]- invalid literal for int() with base 10: ''
2019-07-06 08:59:41,128 [Thread-128:22148] [blog.views:48] [views:archive] [ERROR]- invalid literal for int() with base 10: ''
2019-07-06 09:05:59,111 [Thread-136:7536] [blog.views:35] [views:index] [ERROR]- invalid literal for int() with base 10: ''
2019-07-06 09:06:15,426 [Thread-139:13860] [blog.views:35] [views:index] [ERROR]- invalid literal for int() with base 10: ''
2019-07-06 09:18:44,643 [Thread-141:6260] [blog.views:35] [views:index] [ERROR]- invalid literal for int() with base 10: ''
2019-07-06 09:20:35,577 [Thread-151:6812] [blog.views:35] [views:index] [ERROR]- invalid literal for int() with base 10: ''
2019-07-06 10:08:22,640 [Thread-19:15240] [blog.views:35] [views:index] [ERROR]- invalid literal for int() with base 10: ''
2019-07-06 10:25:27,488 [Thread-29:8820] [blog.views:35] [views:index] [ERROR]- invalid literal for int() with base 10: ''
2019-07-06 10:40:51,436 [Thread-11:17540] [blog.views:35] [views:index] [ERROR]- invalid literal for int() with base 10: ''
2019-07-06 10:41:59,839 [Thread-20:22260] [blog.views:35] [views:index] [ERROR]- invalid literal for int() with base 10: ''
2019-07-06 10:42:46,157 [Thread-23:21036] [blog.views:35] [views:index] [ERROR]- invalid literal for int() with base 10: ''
2019-07-06 10:42:55,456 [Thread-31:9420] [blog.views:35] [views:index] [ERROR]- invalid literal for int() with base 10: ''
2019-07-06 10:44:42,271 [Thread-42:14628] [blog.views:35] [views:index] [ERROR]- invalid literal for int() with base 10: ''
2019-07-06 10:46:30,172 [Thread-64:15684] [blog.views:35] [views:index] [ERROR]- invalid literal for int() with base 10: ''
2019-07-06 10:46:39,672 [Thread-70:11844] [blog.views:35] [views:index] [ERROR]- invalid literal for int() with base 10: ''
2019-07-06 10:54:18,493 [Thread-7:22548] [blog.views:35] [views:index] [ERROR]- invalid literal for int() with base 10: ''
2019-07-06 11:00:29,350 [Thread-7:22136] [blog.views:35] [views:index] [ERROR]- invalid literal for int() with base 10: ''
2019-07-06 11:11:18,368 [Thread-16:17812] [blog.views:48] [views:archive] [ERROR]- invalid literal for int() with base 10: ''
2019-07-06 11:11:44,760 [Thread-27:11968] [blog.views:48] [views:archive] [ERROR]- invalid literal for int() with base 10: ''
2019-07-06 14:56:13,564 [Thread-30:10560] [blog.views:48] [views:archive] [ERROR]- invalid literal for int() with base 10: ''
2019-07-06 14:56:21,925 [Thread-33:4704] [blog.views:48] [views:archive] [ERROR]- invalid literal for int() with base 10: ''
2019-07-06 14:56:31,109 [Thread-41:15016] [blog.views:48] [views:archive] [ERROR]- invalid literal for int() with base 10: ''
2019-07-06 14:59:25,925 [Thread-52:20616] [blog.views:48] [views:archive] [ERROR]- invalid literal for int() with base 10: ''
2019-07-06 15:23:06,397 [Thread-11:2988] [blog.views:48] [views:archive] [ERROR]- invalid literal for int() with base 10: ''
2019-07-06 15:25:13,894 [Thread-14:2296] [blog.views:48] [views:archive] [ERROR]- invalid literal for int() with base 10: ''
2019-07-06 15:40:53,728 [Thread-25:360] [blog.views:48] [views:archive] [ERROR]- invalid literal for int() with base 10: ''
2019-07-06 15:41:35,870 [Thread-28:20800] [blog.views:48] [views:archive] [ERROR]- invalid literal for int() with base 10: ''
2019-07-06 16:06:37,081 [Thread-11:19056] [blog.views:35] [views:index] [ERROR]- invalid literal for int() with base 10: ''
2019-07-06 19:49:42,159 [Thread-14:2564] [blog.views:35] [views:index] [ERROR]- invalid literal for int() with base 10: ''
2019-07-06 19:49:45,320 [Thread-15:2140] [blog.views:35] [views:index] [ERROR]- invalid literal for int() with base 10: ''
2019-07-06 19:50:07,716 [Thread-21:12980] [blog.views:35] [views:index] [ERROR]- invalid literal for int() with base 10: ''
2019-07-06 19:50:50,272 [Thread-34:13752] [blog.views:35] [views:index] [ERROR]- invalid literal for int() with base 10: ''
2019-07-07 16:55:43,725 [Thread-8:10076] [blog.views:35] [views:index] [ERROR]- invalid literal for int() with base 10: ''
2019-07-07 16:56:02,877 [Thread-17:10784] [blog.views:48] [views:archive] [ERROR]- invalid literal for int() with base 10: ''
2019-07-07 18:46:32,758 [Thread-38:11860] [blog.views:48] [views:archive] [ERROR]- invalid literal for int() with base 10: ''
2019-07-07 18:53:52,847 [Thread-9:15036] [blog.views:35] [views:index] [ERROR]- invalid literal for int() with base 10: ''
